[23-Jul-2021 05:37:36 UTC] PHP Warning:  Use of undefined constant root - assumed 'root' (this will throw an Error in a future version of PHP) in /data/www/index.php on line 4
[23-Jul-2021 05:37:37 UTC] PHP Warning:  Use of undefined constant root - assumed 'root' (this will throw an Error in a future version of PHP) in /data/www/index.php on line 4
[23-Jul-2021 05:40:41 UTC] PHP Warning:  Use of undefined constant root - assumed 'root' (this will throw an Error in a future version of PHP) in /data/www/index.php on line 4
[23-Jul-2021 05:40:42 UTC] PHP Warning:  Use of undefined constant root - assumed 'root' (this will throw an Error in a future version of PHP) in /data/www/index.php on line 4
[23-Jul-2021 05:40:44 UTC] PHP Warning:  Use of undefined constant root - assumed 'root' (this will throw an Error in a future version of PHP) in /data/www/index.php on line 4
[23-Jul-2021 05:40:44 UTC] PHP Warning:  Use of undefined constant root - assumed 'root' (this will throw an Error in a future version of PHP) in /data/www/index.php on line 4
[23-Jul-2021 05:41:19 UTC] PHP Warning:  Use of undefined constant root - assumed 'root' (this will throw an Error in a future version of PHP) in /data/www/index.php on line 4
[23-Jul-2021 05:41:28 UTC] PHP Warning:  Use of undefined constant root - assumed 'root' (this will throw an Error in a future version of PHP) in /data/www/index.php on line 4
[23-Jul-2021 05:55:46 UTC] PHP Warning:  Use of undefined constant root - assumed 'root' (this will throw an Error in a future version of PHP) in /data/www/index.php on line 4
[23-Jul-2021 05:55:47 UTC] PHP Warning:  Use of undefined constant root - assumed 'root' (this will throw an Error in a future version of PHP) in /data/www/index.php on line 4
[23-Jul-2021 06:34:34 UTC] PHP Warning:  Use of undefined constant root - assumed 'root' (this will throw an Error in a future version of PHP) in /data/www/index.php on line 4
[23-Jul-2021 06:34:34 UTC] PHP Warning:  Use of undefined constant root - assumed 'root' (this will throw an Error in a future version of PHP) in /data/www/index.php on line 4
[23-Jul-2021 06:34:38 UTC] PHP Warning:  Use of undefined constant root - assumed 'root' (this will throw an Error in a future version of PHP) in /data/www/index.php on line 4
[23-Jul-2021 06:34:39 UTC] PHP Warning:  Use of undefined constant root - assumed 'root' (this will throw an Error in a future version of PHP) in /data/www/index.php on line 4
[23-Jul-2021 06:34:48 UTC] PHP Warning:  Use of undefined constant root - assumed 'root' (this will throw an Error in a future version of PHP) in /data/www/index.php on line 4
[23-Jul-2021 06:34:48 UTC] PHP Warning:  Use of undefined constant root - assumed 'root' (this will throw an Error in a future version of PHP) in /data/www/index.php on line 4
[23-Jul-2021 06:34:50 UTC] PHP Warning:  Use of undefined constant root - assumed 'root' (this will throw an Error in a future version of PHP) in /data/www/index.php on line 4
[23-Jul-2021 06:34:50 UTC] PHP Warning:  Use of undefined constant root - assumed 'root' (this will throw an Error in a future version of PHP) in /data/www/index.php on line 4
[23-Jul-2021 06:34:51 UTC] PHP Warning:  Use of undefined constant root - assumed 'root' (this will throw an Error in a future version of PHP) in /data/www/index.php on line 4
[23-Jul-2021 06:34:52 UTC] PHP Warning:  Use of undefined constant root - assumed 'root' (this will throw an Error in a future version of PHP) in /data/www/index.php on line 4
[23-Jul-2021 06:35:30 UTC] PHP Warning:  Use of undefined constant root - assumed 'root' (this will throw an Error in a future version of PHP) in /data/www/index.php on line 4
[23-Jul-2021 06:35:31 UTC] PHP Warning:  Use of undefined constant root - assumed 'root' (this will throw an Error in a future version of PHP) in /data/www/index.php on line 4
[23-Jul-2021 06:35:32 UTC] PHP Warning:  Use of undefined constant root - assumed 'root' (this will throw an Error in a future version of PHP) in /data/www/index.php on line 4
[23-Jul-2021 06:35:32 UTC] PHP Warning:  Use of undefined constant root - assumed 'root' (this will throw an Error in a future version of PHP) in /data/www/index.php on line 4
[23-Jul-2021 06:35:33 UTC] PHP Warning:  Use of undefined constant root - assumed 'root' (this will throw an Error in a future version of PHP) in /data/www/index.php on line 4
[23-Jul-2021 06:35:34 UTC] PHP Warning:  Use of undefined constant root - assumed 'root' (this will throw an Error in a future version of PHP) in /data/www/index.php on line 4
[23-Jul-2021 06:35:35 UTC] PHP Warning:  Use of undefined constant root - assumed 'root' (this will throw an Error in a future version of PHP) in /data/www/index.php on line 4
[23-Jul-2021 06:35:35 UTC] PHP Warning:  Use of undefined constant root - assumed 'root' (this will throw an Error in a future version of PHP) in /data/www/index.php on line 4
[23-Jul-2021 06:35:36 UTC] PHP Warning:  Use of undefined constant root - assumed 'root' (this will throw an Error in a future version of PHP) in /data/www/index.php on line 4
[23-Jul-2021 06:35:36 UTC] PHP Warning:  Use of undefined constant root - assumed 'root' (this will throw an Error in a future version of PHP) in /data/www/index.php on line 4
[23-Jul-2021 06:35:37 UTC] PHP Warning:  Use of undefined constant root - assumed 'root' (this will throw an Error in a future version of PHP) in /data/www/index.php on line 4
[23-Jul-2021 06:35:37 UTC] PHP Warning:  Use of undefined constant root - assumed 'root' (this will throw an Error in a future version of PHP) in /data/www/index.php on line 4
[23-Jul-2021 06:49:47 UTC] PHP Warning:  Use of undefined constant root - assumed 'root' (this will throw an Error in a future version of PHP) in /data/www/index.php on line 4
[23-Jul-2021 06:49:48 UTC] PHP Warning:  Use of undefined constant root - assumed 'root' (this will throw an Error in a future version of PHP) in /data/www/index.php on line 4
[23-Jul-2021 06:49:51 UTC] PHP Warning:  Use of undefined constant root - assumed 'root' (this will throw an Error in a future version of PHP) in /data/www/index.php on line 4
[23-Jul-2021 06:49:52 UTC] PHP Warning:  Use of undefined constant root - assumed 'root' (this will throw an Error in a future version of PHP) in /data/www/index.php on line 4
[23-Jul-2021 06:50:20 UTC] PHP Warning:  Use of undefined constant root - assumed 'root' (this will throw an Error in a future version of PHP) in /data/www/index.php on line 4
[23-Jul-2021 06:50:20 UTC] PHP Warning:  Use of undefined constant root - assumed 'root' (this will throw an Error in a future version of PHP) in /data/www/index.php on line 4
[23-Jul-2021 06:50:23 UTC] PHP Warning:  Use of undefined constant root - assumed 'root' (this will throw an Error in a future version of PHP) in /data/www/index.php on line 4
[23-Jul-2021 06:50:23 UTC] PHP Warning:  Use of undefined constant root - assumed 'root' (this will throw an Error in a future version of PHP) in /data/www/index.php on line 4
[23-Jul-2021 06:51:51 UTC] PHP Warning:  Use of undefined constant root - assumed 'root' (this will throw an Error in a future version of PHP) in /data/www/index.php on line 4
[23-Jul-2021 06:51:57 UTC] PHP Warning:  require(/data/www/myapp/public/../vendor/autoload.php): failed to open stream: No such file or directory in /data/www/myapp/public/index.php on line 34
[23-Jul-2021 06:51:57 UTC] PHP Fatal error:  require(): Failed opening required '/data/www/myapp/public/../vendor/autoload.php' (include_path='.:/usr/share/pear:/usr/share/php') in /data/www/myapp/public/index.php on line 34
[23-Jul-2021 06:52:03 UTC] PHP Warning:  Use of undefined constant root - assumed 'root' (this will throw an Error in a future version of PHP) in /data/www/index.php on line 4
[23-Jul-2021 06:52:07 UTC] PHP Warning:  Use of undefined constant root - assumed 'root' (this will throw an Error in a future version of PHP) in /data/www/index.php on line 4
[23-Jul-2021 06:52:07 UTC] PHP Warning:  Use of undefined constant root - assumed 'root' (this will throw an Error in a future version of PHP) in /data/www/index.php on line 4
[23-Jul-2021 06:53:11 UTC] PHP Warning:  require(/data/www/myapp/public/../vendor/autoload.php): failed to open stream: No such file or directory in /data/www/myapp/public/index.php on line 34
[23-Jul-2021 06:53:11 UTC] PHP Fatal error:  require(): Failed opening required '/data/www/myapp/public/../vendor/autoload.php' (include_path='.:/usr/share/pear:/usr/share/php') in /data/www/myapp/public/index.php on line 34
[23-Jul-2021 06:53:22 UTC] PHP Warning:  require(/data/www/myapp/public/../vendor/autoload.php): failed to open stream: No such file or directory in /data/www/myapp/public/index.php on line 34
[23-Jul-2021 06:53:22 UTC] PHP Fatal error:  require(): Failed opening required '/data/www/myapp/public/../vendor/autoload.php' (include_path='.:/usr/share/pear:/usr/share/php') in /data/www/myapp/public/index.php on line 34
[23-Jul-2021 06:53:31 UTC] PHP Warning:  require(/data/www/myapp/public/../vendor/autoload.php): failed to open stream: No such file or directory in /data/www/myapp/public/index.php on line 34
[23-Jul-2021 06:53:31 UTC] PHP Fatal error:  require(): Failed opening required '/data/www/myapp/public/../vendor/autoload.php' (include_path='.:/usr/share/pear:/usr/share/php') in /data/www/myapp/public/index.php on line 34
[23-Jul-2021 06:53:32 UTC] PHP Warning:  require(/data/www/myapp/public/../vendor/autoload.php): failed to open stream: No such file or directory in /data/www/myapp/public/index.php on line 34
[23-Jul-2021 06:53:32 UTC] PHP Fatal error:  require(): Failed opening required '/data/www/myapp/public/../vendor/autoload.php' (include_path='.:/usr/share/pear:/usr/share/php') in /data/www/myapp/public/index.php on line 34
[23-Jul-2021 06:54:09 UTC] PHP Warning:  require(/data/www/myapp/public/../vendor/autoload.php): failed to open stream: No such file or directory in /data/www/myapp/public/index.php on line 34
[23-Jul-2021 06:54:09 UTC] PHP Fatal error:  require(): Failed opening required '/data/www/myapp/public/../vendor/autoload.php' (include_path='.:/usr/share/pear:/usr/share/php') in /data/www/myapp/public/index.php on line 34
[23-Jul-2021 06:56:31 UTC] PHP Fatal error:  Uncaught Error: Class 'Illuminate\Foundation\Application' not found in /data/www/myapp/bootstrap/app.php:14
Stack trace:
#0 /data/www/myapp/public/index.php(47): require_once()
#1 {main}
  thrown in /data/www/myapp/bootstrap/app.php on line 14
[23-Jul-2021 06:56:59 UTC] PHP Fatal error:  Uncaught Error: Class 'Illuminate\Foundation\Application' not found in /data/www/myapp/bootstrap/app.php:14
Stack trace:
#0 /data/www/myapp/public/index.php(47): require_once()
#1 {main}
  thrown in /data/www/myapp/bootstrap/app.php on line 14
[23-Jul-2021 06:58:30 UTC] PHP Fatal error:  Uncaught Error: Class 'Illuminate\Foundation\Application' not found in /data/www/myapp/bootstrap/app.php:14
Stack trace:
#0 /data/www/myapp/public/index.php(47): require_once()
#1 {main}
  thrown in /data/www/myapp/bootstrap/app.php on line 14
[23-Jul-2021 06:59:52 UTC] PHP Fatal error:  Uncaught Error: Class 'Illuminate\Foundation\Application' not found in /data/www/myapp/bootstrap/app.php:14
Stack trace:
#0 /data/www/myapp/public/index.php(47): require_once()
#1 {main}
  thrown in /data/www/myapp/bootstrap/app.php on line 14
[23-Jul-2021 07:18:33 UTC] PHP Warning:  require(/data/www/myapp/public/../vendor/autoload.php): failed to open stream: No such file or directory in /data/www/myapp/public/index.php on line 24
[23-Jul-2021 07:18:34 UTC] PHP Fatal error:  require(): Failed opening required '/data/www/myapp/public/../vendor/autoload.php' (include_path='.:/usr/share/pear:/usr/share/php') in /data/www/myapp/public/index.php on line 24
[23-Jul-2021 07:25:27 UTC] PHP Fatal error:  Composer detected issues in your platform: Your Composer dependencies require a PHP version ">= 7.3.0". You are running 7.2.25. in /data/www/myapp/vendor/composer/platform_check.php on line 24
